2024-11-04 16:05:41 - Raw message: b'gAAAAABnKVNF3D2oTYcwzap_zAPXhePeh2boKRUZVbtmjZXoL_9gQ5RWIPeC74GXIdaJc_MnfZM8T9dIBwMpAzcaNfuB09GMGdc2OpPjT7bBV_hiHih8Kx3Ea9bT95-oyIC1SxNJmTyJHftUaWcLuqw2CFKLk0LH2MpVj1zfzJP-WRV-6Rcwn-I-WtOlaTt6Cz3xVr_S8FO9oZw2r8i8STkxp_eEcwBthEAtV9Xp4hQIjDDJjUXePkpkEJwPa6HQHySfsE7lf09byZ0fPiXbdy5msaASCp_Fqh8WofVztAufN2QHa3caDxvumcL7QmkcB00mIdrJbcnxIRRI8hBhhNcsf9QZRBzT3Q=='
2024-11-04 16:05:41 - Decrypted message: {"username": "kimberlywilliamson", "email": "vincenttaylor@example.net", "address": "3103 Wade Prairie Apt. 962\nSouth Larry, MO 33091", "phone": "+1-787-368-3024x415", "password": "password"}
2024-11-04 16:05:41 - Messages written: 1, Messages remaining in queue: 1
2024-11-04 16:05:42 - Raw message: b'gAAAAABnKVNGyNwPbt5A5_biv5eNsBa3yyQN0fOvKE6tOTcvUid8zeq2O2aSxcRHAloRYPfDNTq213NWO5E35-vnZKdhF-prDaLrD-DKb1RZgInzZ6URmUHZeTP_QGNTtHPY5907jqWqec7q9zOreeKIsI_J8Q8Lt5YE5nERvWNzaJP7HCfEbtgvmK6j_ptgb_vs0o1HmONSUQk7v1PRn_JRTgwrvc3A-iZMclOMGWOIZ5gQBoI2_e2tR6N9sFW1l3h6SHlvcHy5g3kPfc9ESl6ola6zYtThPJ4dhfM1HndzXq5KRvcQH6c='
2024-11-04 16:05:42 - Decrypted message: {"username": "nashkara", "email": "troyflores@example.org", "address": "6189 Joseph Lock\nEast Marissa, MT 51686", "phone": "411-421-4343", "password": "password"}
2024-11-04 16:05:42 - Messages written: 2, Messages remaining in queue: 2
2024-11-04 16:05:43 - Raw message: b'gAAAAABnKVNHKPm0K1w0JjNiXSoS8ITIuLmFG2TAayqZk6MRh6GQZZCfpprzCLoVTdxdEDnpbrMWcJcIYGul8ZbU6TmvvD3UEz23Gir4WJWhcd2p00VBU4JpQv3EL5Hd1cMrZoXljJFrXXWQpTLUshXON0AwqNnQYxDalXBI1GEhdrY0aROhta9DraJ9PK3Kqq_TRZDIvGvJ0k65v8tfpiS5bfz6mRarayvXQb-AydZ67W8eDlqvo2awa28Tgquk8sgAM0kzhiTEmGT_0_ffYy5BeoAjXfq-Z5roEwBfOqQ1CvpcjPCMlBe-nUL06rTwCPqg4KAW3goe'
2024-11-04 16:05:43 - Decrypted message: {"username": "lindseygross", "email": "aschwartz@example.net", "address": "356 Franklin Neck Suite 746\nWest Stacyfurt, NY 78585", "phone": "459-454-6642", "password": "password"}
2024-11-04 16:05:43 - Messages written: 3, Messages remaining in queue: 3
2024-11-04 16:05:46 - Raw message: b'gAAAAABnKVNKfIzKN2ax4PRy21wpj5gat6S-0npCImlGTDvnHR6_GgiTmYIQgpzPn3k2mmW_19veWjS4rbqPNIQZ8USCfA2qJa6J_TSBW3qt8QErIbtiImAbawvj7UPBdN_0wi-9y1CZ86_j27Tvv-t2_dfN7NL-KvEw8Y9jC1oxt7zcaVd9nc2DsrlDYNpip21jEqSf64E5G402sPOCHMUatS0iFBFBjoLl2_TerR56ogqI3EGUo9XjpxK3GUXtAmIvUKmfHVkY29PcqA6_YtjCfMxqW1vwqg=='
2024-11-04 16:05:46 - Decrypted message: {"username": "ublackburn", "email": "gregory01@example.org", "address": "USNV Hoffman\nFPO AE 16643", "phone": "(261)923-7188x3761", "password": "password"}
2024-11-04 16:05:46 - Messages written: 4, Messages remaining in queue: 1
2024-11-04 16:05:53 - Raw message: b'gAAAAABnKVNRsFSnHS5jvUyERadVRqBFSBd2arakRlE_8TngZ3ELkZUDd5nAHUsiBiam3_tBZMf_ITskdu-Rla_9GXmgmf7Hnuc-JPiCBvuyWZp9l7C1PkfSbHoy5uprs3d_s1Ve4Ws88VG24iMxL1C4MmcJtVcumH2RLVNDjhDfp644_HTYOryKUpyxnfcyZe93HoZZjhSuk8Cze0N5M6RSkXcJZa9XB3bfrLA4HE6R5lSwabmOT3RRuKpKFrgZ2P6Ub6X2Fti10aSUpdh8aAK_Vf7V9AX8pQ0nLr6uQgNvWjAYqo6zK84='
2024-11-04 16:05:53 - Decrypted message: {"username": "janet25", "email": "tracey29@example.org", "address": "803 Prince Corner\nLake Kristin, MD 10713", "phone": "+1-980-663-9121x2897", "password": "password"}
2024-11-04 16:05:53 - Messages written: 5, Messages remaining in queue: 1
2024-11-04 16:05:53 - Raw message: b'gAAAAABnKVNRZGTbqHgCxjP6CMVshgWT759lEVs8u1bPLpVHNfTTkVom3RSJLpdQa1PCgIvG10FNpASxUbhIzrdd8m4892LP3RCnT6n1hPwffd5lrJ3wdj9VIRpwcl4NNmwtifQQeO_ydH_9rNyrShTSn7kvTAXNFareKtFStBfjFE2AiBwkp8lRzaaqardAkoOUaKQuTGGtSZMaepN7ysU1H9rgHHFXs1Ty9wuJ1GI7CY2omLRLc_QaMmsN5UeYbVIZtG73Tssy88CKk5rpaOpQyZbwYQW-bg=='
2024-11-04 16:05:53 - Decrypted message: {"username": "abigail36", "email": "gailsantiago@example.com", "address": "USNS Mitchell\nFPO AP 73514", "phone": "(902)630-1408x0936", "password": "password"}
2024-11-04 16:05:53 - Messages written: 6, Messages remaining in queue: 1
2024-11-04 16:05:54 - Raw message: b'gAAAAABnKVNSePnLv-PE16i5qWLEq2D1BrfkaeG5eDmExnGzFAZq40mil3mIOhhQvodumm9saEQHDRVEMxM3IWDGgZ3nuVhvffexdrB-fwLMUBfpPWDu8FOKuWpdaduTegVKZm8tXrG_AD5qj0RDWCWgh_hNXm-QapM1K-JxwlHE0C_AxALwJIwBuBxHMObPpN893siv4m-4qHo1XfQmIUsxFe-tTG4VwWGqLIvnhIX0iXRX_QgCYWEx2hMfQrwRipRYj_8f9a7Zds0E6TVFXy9xu5bScecr3KAPavLU9KlwwfDEjV26mRSr6DWyrOrTG5TVpxUYcDj6'
2024-11-04 16:05:54 - Decrypted message: {"username": "patrickandrews", "email": "catherine07@example.net", "address": "845 Jeremy Vista Apt. 658\nEast Seth, NC 22727", "phone": "373.582.6096", "password": "password"}
2024-11-04 16:05:54 - Messages written: 7, Messages remaining in queue: 2
2024-11-04 16:05:54 - Raw message: b'gAAAAABnKVNSALWRUID99YLfu5GsQcvCJL4q0k4qc_u3Zz5wzA_k1iWFFdhcEsGNsVqi3ynL0qI4yt-1ePqtU8CEMQ6g2yIahEAf3jRIahiijYLxE_us3lTry_qzfUhoUozHe6DVlxIsyCT7grupkXo-Hc0FU43bCAhQefG-XPuKWYn5-DYvMieRXPnFhM_xZiPEpcJ0k70a-QVR8ddtlqbXBKlZW9e2sa4IDHrVhxa1CxJjW148ElfsZZwynDPqZuX_TpsCZIs1Irdn6yL9ikND1xVIvDsPebqmBSnQG4xbZG4780FQ5qcadyz3t-0eH-gNN9HKtu3y'
2024-11-04 16:05:54 - Decrypted message: {"username": "madeline15", "email": "michael74@example.com", "address": "149 Jennifer Circles Suite 837\nPort Julie, AS 57770", "phone": "(295)868-9414", "password": "password"}
2024-11-04 16:05:54 - Messages written: 8, Messages remaining in queue: 3
2024-11-04 16:05:54 - Raw message: b'gAAAAABnKVNSU86oOxoTCbcIn4C56x4jlg_uxf55VEEI2Jj0rG02QXYXZUTtQ4z_HNZAKGJr4PNdkmO6V96ZNQx8_GMWdAjNSoIgH-ZFXeGuUoiUzjTbZUEH78b5o5PhqD45k6ZDtlQpTLRVZ5aFa3UdWIIdEdRcwWZlLwdF57qJo2eWj8_U5x5hp0qNYW5rvtFFd32Lal0vz10ssQdfZ8kbGwhSQuIB9CiaRxrrhxEl28Ty-XALcQdIBIa-4yf0ncevOZ3iNTtfnuz2c8-iNsFGvMu1QmfOzT38VgeeMfGPD5DhzayCP04RhEHkM2x8SWvky_-uQaLq'
2024-11-04 16:05:54 - Decrypted message: {"username": "bgrant", "email": "deleonclaire@example.net", "address": "38560 Lewis Ports\nSouth Stephaniebury, AR 11151", "phone": "(421)617-8372x6195", "password": "password"}
2024-11-04 16:05:54 - Messages written: 9, Messages remaining in queue: 4
2024-11-04 16:05:54 - Raw message: b'gAAAAABnKVNS9NyHcv02szRAmMDMQyxIWzFZolXNthzCnDEARNz9jy2Nm-e7ZzClY2sMQUEK0MVCLaib1CyZbiglcTQfcnlQnSDhKOoNf-0Gq9jHjgJo_1SxWwWlRgViUD-G1FPTL4BQgnFxLLlLATrGCCzJWLhrlpWxdxI0-uLxa-7S647Cm4QKQyuSDg3bZhrQCBLEoW-HWx2LaLQq_SCnVlMeT_Eu-yJex_QHR7qqndB0slqAYiW6exdabSjyBfWGmsV3QAB4hDy7rLRPFtLh4Wjn8G2Jwg=='
2024-11-04 16:05:54 - Decrypted message: {"username": "richard16", "email": "idavis@example.net", "address": "PSC 8857, Box 4063\nAPO AA 27460", "phone": "001-354-713-0129", "password": "password"}
2024-11-04 16:05:54 - Messages written: 10, Messages remaining in queue: 5
2024-11-04 16:05:54 - Raw message: b'gAAAAABnKVNSjg_qXf53jPuBpFaA_dR5XLW-WYTFC6eNLabvtmo9JyIMZ-bS0HJJjXwjnsvpKZRHtgPB5AyzEjbwEFt8DwGso7Z4wJcaYLoKeJ9TeC7Gssv3YSN7ZeseR_q3IEhVendWEBJsqfa0dC3lTYD-89WeRa77DoOWnoPWDNrS7tT7XyNFDWkOcbRnT0wMX7s-Oyv1ztQ4tayi0RxLrPGfT84BdXofkGUwsICttEFPreH_9qopEXGzk09fv-HFujUhEF6NVg_2cr10kgBgR9bpfNpybLuf_CfJJPbYp2j6Y5arNpY='
2024-11-04 16:05:54 - Decrypted message: {"username": "qnelson", "email": "moranstacy@example.net", "address": "02967 Kim Crest Suite 301\nEast Geraldhaven, MP 66901", "phone": "911.662.8496", "password": "password"}
2024-11-04 16:05:54 - Messages written: 11, Messages remaining in queue: 6
2024-11-04 16:05:54 - Raw message: b'gAAAAABnKVNSDyy4lmlvSZBilMhYbXV0N2EWI7yBg3z2Ovxqf5BAXFzio_XxPGJPsrbPY4pvWcOGrkn0hpaA-S0uamnxF6Yq3XbzySCpG02ipwZY84uOejNzGsuuCzqv0J2LbdocTW5bBNJEg_cnUayIcpwyNI9wtoY4V-On3Z3JMWl2u-Xu7TwaBNSsopwH-6hsjixTKdwHoJBJaj0_KZXgbu_JnimR4Fp4EznR6RdYzho7SWZi7zBjkguR0qTq1tjvnZnkMjrjf6hp9Scevh1agx9M6f58IAisdTl9K0R9l3Vs39ZQATM='
2024-11-04 16:05:54 - Decrypted message: {"username": "ronald63", "email": "david89@example.org", "address": "795 Bryan Ways Suite 955\nNguyenberg, MP 71799", "phone": "(610)537-1463", "password": "password"}
2024-11-04 16:05:54 - Messages written: 12, Messages remaining in queue: 7
2024-11-04 16:05:54 - Raw message: b'gAAAAABnKVNSed0t0Wt880E3loK-xIBw0U6vKSVlDqhBLq0EcmzS5SxYm7BKdbBemh9O9lHqWqzAyFBjUNeyrVfB66BpOoNwS0WHBHyBb5Md4hINPRkgSxfOGE8cAc16J7pcTVfZzAiBYMp-6SFe1igz0AxuAnbygV-n7PuFkcrlPdQ4bwSbcEmMlvpAysSDgOm7VfNV_ueosRIDLxEvrv9FVpzLyL01LtQ42Nq_SGHM_uOSXUMv7rw98eEDf4kjZLq1hrwM9PHArfkgK6pG8gYh7QO_A8pCxYxE9hTWRy2EC_aO7PSWxPI='
2024-11-04 16:05:54 - Decrypted message: {"username": "vanessa23", "email": "cfritz@example.com", "address": "088 Vanessa Route Apt. 574\nPort Jaimestad, MO 63204", "phone": "7344927983", "password": "password"}
2024-11-04 16:05:54 - Messages written: 13, Messages remaining in queue: 8
2024-11-04 16:05:55 - Raw message: b'gAAAAABnKVNTJnkIuvOQhUiNUvvIHMfDl0Q_1JUGiHz1duPEPBXUHtU2HKTzmsdWK0Obnn0vfqkjOBHNW8ZOTpSSnQ3wq0KBqhfjzutSTTp6InxEJdUWAT7LuFU6QEkDAguhP2E-ODjJiy0HtKxRnMPxqplKaSRTvdMA2VeueZF3BeRqDdPbY4jQJPjwC1TURRwY1eVlYJDVcr-iKq9NbtjRivAK6DaAL3fSAgOcOrv8CKljJAaocclZ9e2KGgcJ939nOS4nk4BHf_wcmqOEc1l_jVL4ij8qGq_1IWvUHtwP8hnGlAD1M7g='
2024-11-04 16:05:55 - Decrypted message: {"username": "reyesrichard", "email": "rhampton@example.net", "address": "6084 Kerry Pike\nEast Davidmouth, MO 20275", "phone": "(592)224-2198", "password": "password"}
2024-11-04 16:05:55 - Messages written: 14, Messages remaining in queue: 9
2024-11-04 16:05:55 - Raw message: b'gAAAAABnKVNT2C_oI5AicNVJmHLnWO3IPz66i9MtlQzfB_uz4uDqqSTeK2YDT3uGgxLxxn0Ppxl7DaEoJAVvdhKL17BZEkJxKV6_E4a4UIG7qq1iywwY4BD3XDNfFLtrI8U4u5CdSZB6qZMkeQZCjnC-qcDn8dngoRqawcqOErl0cWQ7lDTVyjP7ohS78JrKJ10LUIevyjuqttAERLAsxziEmzEprIhYaTMtldO1G4qB8TXEchX3sKJa7nfRRbtQ2hjYtN83gVOxfAQlCB-epx49jV-WoG94pAPI13AKwee8OFGKmzHx68O_eGc23HbW2uZxKaYN8Ftf'
2024-11-04 16:05:55 - Decrypted message: {"username": "kylemccarty", "email": "malloryrhodes@example.net", "address": "86286 Walsh Club\nRodriguezmouth, IN 59334", "phone": "+1-715-664-6686x05934", "password": "password"}
2024-11-04 16:05:55 - Messages written: 15, Messages remaining in queue: 10
2024-11-04 16:05:55 - Raw message: b'gAAAAABnKVNTPZWVe31Z_UKe7a-nnl8jHkoZ6fl6EY6MstLvM5SFgZgffkz5Hk0KDF1nHFIqoJY11yKiSK_VUNj2lyTGljPITXJGrORKEoNKlkxKVDxGWy3cgZYLFSAXzx7OMUGenKHyP7pWlu7IrpF_docu8sxp_44rtcR5KeIjgzijvO96w3Pb2niynxwYGDMIiiZeD83E_FczsBzCoGjdAv4FG6nLYuCalziWRp53sABS_3stKJweR0Uf0fiK4Q2ea6u2I_KR9Y4HJiz_Ms5wbBEB50gZHI-z8ap2OQlDe4VI7aiQ5U0='
2024-11-04 16:05:55 - Decrypted message: {"username": "stacyrichards", "email": "lisa77@example.org", "address": "077 Simon Loop\nClarkstad, ID 10402", "phone": "289.930.4589x4939", "password": "password"}
2024-11-04 16:05:55 - Messages written: 16, Messages remaining in queue: 11
2024-11-04 16:05:55 - Raw message: b'gAAAAABnKVNTsEs5r6cJHrr9bzXtTtID66lLV-p6Mo4W-ZrwOSazlWTjt2yaPjyQifT-wTahDxpeD-3thZRnEoMFEe2JBL4xx2oiKJqUdEzefTYRz-BtjK8R32R1xdUm9eltsnGE2dYYJ4buM41_O2efrir3SLAKWGKsAGXPRnav5vKdp35IFzc_WAlAOsAAoS8EAZyRV74sDyjHmRgkC23X1HCXgTRG0NodexPCwBA882cEN4g_8iNMLSMmzEhWv57upC0LK8mtAYybfUx4_zM0gpo43bGYeQ=='
2024-11-04 16:05:55 - Decrypted message: {"username": "paulryan", "email": "ramirezdaniel@example.org", "address": "USS Gregory\nFPO AE 06991", "phone": "001-989-955-2129", "password": "password"}
2024-11-04 16:05:55 - Messages written: 17, Messages remaining in queue: 12
2024-11-04 16:05:55 - Raw message: b'gAAAAABnKVNTpNHeCgdIxj8ui8moxq-W4cXSC3f3gKtaikAQ3d3EfKVv8gFLu8EyKHJTWm2iigFUDaIC_PVYGFa3Rh9G6FALusUClml6a9WyM8GMrrPczE_aAROpbjiEhfxzywmemc_dgvrVxEHqqUAMNox3obr0fDfFI8gC_-DuE_Ft2F3vuSo2bJFn63Vo5k6Xb3Tx_4rHr8etnAt1KNlmh6IbMamJ79dXD7J9ivYb0pRa7NSKC20kUePE1htaIIRmiuzL_LQjBG9_X5tvRCPs_6ceV0KaFLCosnBJn_wDFtWD0kwvEqA='
2024-11-04 16:05:55 - Decrypted message: {"username": "gyork", "email": "laurie91@example.com", "address": "88684 Thompson Grove Suite 731\nWest William, DC 03866", "phone": "856.559.7396", "password": "password"}
2024-11-04 16:05:55 - Messages written: 18, Messages remaining in queue: 13
2024-11-04 16:05:55 - Raw message: b'gAAAAABnKVNT0D_WKIqNJKQIrS6oBY6DO2bzIA5Ij-xDo_N-QPW1uJYBSk9QsRUpWaFxhnI9mBJnZvH3h0OVQaUROdgVSDdgB_S514_z0hzh8pkJwThQFcGeCghYOwESNWqgS6X-W4thY7HxXNs2YlBdEiT47veZj2wTN1x0tpsvU4A0iFGJLi8EMkWi9dbh6fHVdhKahBsOYdTZidtMj9feI09d6a3jMXNv_Kc0xs23TkPxeALGdgQy7j1JA1QIbULhfqZvyC9XZFp4BAZJl9BTsUDrruc-kVO-RQ8FMNGmtoa5QkJJBFzF4XngnoUKtsFEVECz4w52'
2024-11-04 16:05:55 - Decrypted message: {"username": "kim13", "email": "pattersonronald@example.net", "address": "2585 Conner Villages Apt. 715\nMeredithburgh, TX 62150", "phone": "001-872-578-4104x5266", "password": "password"}
2024-11-04 16:05:55 - Messages written: 19, Messages remaining in queue: 14
2024-11-04 16:05:56 - Raw message: b'gAAAAABnKVNUD0LSkOod4WZNcqcertDbwfiMKzFuG5g_hYBTUeB9UdKmaErOOwWB1uVjK5ZIguTroglYG5sq9--ir5ByGvQI5bzamaXTCYFAjB8E0NRMqjFKx1e0H_7m9tj6BT3eVn1tbXSu8KkOYGZLmXCdnAftZHd5heB6mdpeTde3-HfZ40bXWmPotVuEjSDH_v8_zBQxau1YCQtxN6YXJlut1FJE2QWmbC4be98pMpEDIpsMY7-YBqvHsitOwRSiSyJ5kCLw2bomMWx2MmiBIjiJCg3Q0g=='
2024-11-04 16:05:56 - Decrypted message: {"username": "robertsonmatthew", "email": "vglover@example.com", "address": "USS Ramos\nFPO AP 90654", "phone": "847-650-8976x4483", "password": "password"}
2024-11-04 16:05:56 - Messages written: 20, Messages remaining in queue: 15
2024-11-04 16:05:56 - Raw message: b'gAAAAABnKVNUJyiOT48Kn62omkZ224Lnh-CoFY3aKymB2Ql6O7OdFlnRDZUM07eforLj7qcP5mtGKH5oxTu_lYdwGV7uD9eD3mseSHNiQG_Wn_yZV9nCUlwR-zNh0THccFpSjCr_D32Mj7UD_IWImTXvBBhpUVKpNn-ejGFefdGZXGLt-8i8PUEGLUKWN0cH3FHbAp7fDz9J7LoAjFHmZ8yaMmcYgwQ3rkG6iAf5CW4QCPmNWpTqXxFreKiypMVaY3JuumTSfvtnib-saEa9n_yoX11xg2mZ4WwllHkrVt4cJ63-mmxgliE='
2024-11-04 16:05:56 - Decrypted message: {"username": "finleyjohn", "email": "lauraschroeder@example.com", "address": "USCGC Ware\nFPO AA 31828", "phone": "(933)570-6612x97746", "password": "password"}
2024-11-04 16:05:56 - Messages written: 21, Messages remaining in queue: 16
2024-11-04 16:05:56 - Raw message: b'gAAAAABnKVNUpTX7oFIxFrZYfvZ-Sd4qlOHKbhk44zWuWfuT9gSmm8XNsk6BODGxWPtI803j-cAHD4kh_Sz3Xr3iKYzRXuQBjzaXznTyLXPz3h6An-YKfLeGEGH8All1hRd9YRCGbluWJ1nzX2cby3ayJikk5lN1mvZ5Fn9e64Fmbj6nVnF6G1s6a7wz6yKTXobHBndPfRkoFGhqL2bL2hdUyDTJp-jA2Bl5g_WOKOfUAbyANzg0uPvBWFG-deFcDN6KnSqIFsoHCHsBW5qlt3koXVn-EuMH4DtcgNp9FfNX6iBAa8fUf1c='
2024-11-04 16:05:56 - Decrypted message: {"username": "molinakaitlyn", "email": "pamelajohnson@example.org", "address": "36116 Smith Plaza\nMichaelview, DC 63280", "phone": "001-207-674-4957", "password": "password"}
2024-11-04 16:05:56 - Messages written: 22, Messages remaining in queue: 17
2024-11-04 16:05:56 - Raw message: b'gAAAAABnKVNUKl7lPlVsO8DCnbV8MDK_kr6dnDpGBZqRdEYWzRfp46oYYANaBsuyt7kG4f77woMobgFLfIF23wgVaAn8GwmOPsGd8Asq_7qIGKR1H4vbA2v6sjOcd_X5lDZ8MCruGQtA2QJl3cSoELTZFLpcDZdlgTtt69BbFWZGFl_vzBei6-shhFw7tEdEUAkCxFL6OK5xr9obLPQqly9neXO0Ex0VoWfAsa2LK_losx7MQNO176vFdjxtiuiSMp-00eZwnckp28bZ_civb17oCa83htwYwlDcggYWU4yq9UtBMVdqtGXpORU2aQOgLBYTpkUv2ReL'
2024-11-04 16:05:56 - Decrypted message: {"username": "amysummers", "email": "brian17@example.net", "address": "103 Natasha Lake Apt. 343\nPort Traviston, MT 47428", "phone": "919-857-7620x5796", "password": "password"}
2024-11-04 16:05:56 - Messages written: 23, Messages remaining in queue: 18
2024-11-04 16:05:56 - Raw message: b'gAAAAABnKVNUdOS_hnMUIn9rNT1oiOrndqpL5DiWSIsaI13xiAgB_o6RgV0kSQuTRLsoiVum5DbE88WCe8qjn9tiPCKgLEjCuSt90h8XEyYJHG_qDvWrEyc_QDnSfTQHAlT90GnuTTNIXJwT9ZZAMl-jTOGyiiKUfq0HquEZKsdhzEMwzpbJ_n-2Fycm970JiOjUTFDnID6kB-mWU4wokA9zf9SoyNL3741vk7kDCWaxxQO9fNjCg9gtTM6Yl9vbzzMhBjiW_nNkrWe8ts5x3iQbYcp3m01MgLgacgLmzd0ASeOyfMfN3pg='
2024-11-04 16:05:56 - Decrypted message: {"username": "younglisa", "email": "gabriella56@example.net", "address": "8314 Joshua Locks\nFostermouth, GA 16002", "phone": "+1-387-823-7370x92189", "password": "password"}
2024-11-04 16:05:56 - Messages written: 24, Messages remaining in queue: 19
2024-11-04 16:05:56 - Raw message: b'gAAAAABnKVNUkQvXnxUAGV55e9i2I15yLHfKeYIR0OZkpq8ybYt-hTtE81TJS-ngFO50_VXw90dFqXPs75EGVfgzjGIkORv1kDX2SjRzs45d_3QufLReUEMrtAU6ZrYhe3G_KREl9ixaxsq4GWfMKz-4QWLUOBEoCQJffP9E-IW4SvypxzvnIBZA-W0YrUYqUi-nezKQ_tGe0VDE_I6fUVnMQ9UrvmgrkhRyiWz7TLLgaPCmS8NJcSyMLpA3beRGfi5lvrTHpyWqUIFJRlXgGhUDl02Ly4jMYsIKVz9yps8QE19fgh6yMuc-76c40kces_7NliwMyQAb'
2024-11-04 16:05:56 - Decrypted message: {"username": "isoto", "email": "bmarshall@example.org", "address": "798 Shepherd Meadows Suite 639\nThomasburgh, MS 69753", "phone": "001-533-391-4348x7949", "password": "password"}
2024-11-04 16:05:56 - Messages written: 25, Messages remaining in queue: 20
2024-11-04 16:05:56 - Raw message: b'gAAAAABnKVNUC95kv46ACK9F1_MFZtuVqJZB2bLG6sVTc4LEpwguDOYuK_X2qcY2PCz1UtiuoabNe0zb1HPf1Lp6GDEt0hdJh9lAS92CFkgzwHk0VCDFU22jeBJo_fyNHkshFoUcc823VZoJXb5VLX88Ww405bqmLPvq3Ih7ucQbyPONB10JdKayjz4p2WXsZXbgSbT-Yl841inlro2JUE4KZUTamhqJbOUuYus7MLSzMYC6pLVi4m1REUGF-z_IfBkIGguBk4K7kCID-yIoYKlk2QBegQhfyoFFwGgC2SUlcBghM2vq7NG0_ilNKPO4O4M8N4F11zrd'
2024-11-04 16:05:56 - Decrypted message: {"username": "cfitzgerald", "email": "cshannon@example.com", "address": "8312 Gentry Neck Apt. 301\nPort Davidmouth, MA 96599", "phone": "493-972-9620", "password": "password"}
2024-11-04 16:05:56 - Messages written: 26, Messages remaining in queue: 21
2024-11-04 16:05:57 - Raw message: b'gAAAAABnKVNVVnW9s4Dy1OVER2nSDB0D6_wr5P7ccGIkMyTi7CtnoJSZlC-h-zn23iTDbdDedAqgvNQn3BxfCavUDKgQvberiaTKX6s_cQxt33GUjqs83TDaT3FUm0XyiIjC8i1xTJByaF_muq0QFiAECmG3WjUV6w0D7FHXI4rny9KPtY8nfF3czNojVWtKlUML_PBTweF-R6impjqApr2iACwUjBiY4MslMPvsZF6iaOXAwK-ZaKaRz3pxkuNpzXPt0wHICfbdGxzlHiXHwsVAuGCqdI_Xp5zUg_UwoDPgul6evpBRhTM='
2024-11-04 16:05:57 - Decrypted message: {"username": "emilyrodriguez", "email": "zwong@example.net", "address": "829 Lee Summit\nEast Kelseyborough, MT 15633", "phone": "783-756-7116x608", "password": "password"}
2024-11-04 16:05:57 - Messages written: 27, Messages remaining in queue: 22
2024-11-04 16:05:57 - Raw message: b'gAAAAABnKVNVVRQuY4H2mBo63AtINRECbSBmJF0NEcGfFQfUvbO33EfjIok3Ja7bzhhgwxWBdDYb1ZOdPOnfeqk1rXZ2PrHOt3P6byfxwtmYSckCdHbA52x_odEpiCHyHdXKEG2VN0_tt7BThb2J4mGa229viy9EvVpDGx0yEdIwnQwyRdcXrrW3wGq0WuUzZ2zohQEL_RIjNBUg4rhKzNeY92bL07wLrQxSzPBZ72shcM7L_zJKSl8tOCvmtxk6w4VvAkVzbI-9R-k1BQqTapCI8EePZIH4ecC3Tzpansn5IOm7HQupdSm3Ba_cLzTOjBcJyP0suSnM'
2024-11-04 16:05:57 - Decrypted message: {"username": "james32", "email": "jessicaphillips@example.com", "address": "29223 Wang Extensions\nRamirezmouth, NC 21425", "phone": "(620)211-5351x873", "password": "password"}
2024-11-04 16:05:57 - Messages written: 28, Messages remaining in queue: 23
2024-11-04 16:06:06 - Raw message: b'gAAAAABnKVNeqDbazDpsbXuCqhT0Xh9K7ltQjg-vugX6BO_U1yCofiBtQIDcWZJTMT0AN1_z6dEpb8z25cDtHXWsKFVjQZGztwmBuf3USShR3IisDHsWx1grTUXLXfVLrZo3jiVtc3ioFTOpY0QSwYBRt5a_Pj9XusC8rvUXt0YBtypgBVl_24Ko5rYG2mEhDu9r2-GoGCkuajUOGH_BTn_RZRfwqr2dDWI3rovQIero6i6wJDV4ckpVqwTnVZnO-vnt-6tk0iPTrb3o5KiQfvWmPx3uUnC4DUtNqUwn245bDXO1UAw_Ejg='
2024-11-04 16:06:06 - Decrypted message: {"username": "johnjones", "email": "scott10@example.net", "address": "6395 James Road\nTateside, AR 06774", "phone": "001-761-569-8734x024", "password": "password"}
2024-11-04 16:06:06 - Messages written: 29, Messages remaining in queue: 1
